Round 100: fc1 |Δw| mean = 0.005649
Round 200: fc1 |Δw| mean = 0.004060
Round 300: fc1 |Δw| mean = 0.003076
Round 400: fc1 |Δw| mean = 0.003170
Round 500: fc1 |Δw| mean = 0.001594
Round 100: fc1 |Δw| mean = -0.005028
Round 200: fc1 |Δw| mean = -0.001325
Round 300: fc1 |Δw| mean = -0.001298
Round 400: fc1 |Δw| mean = 0.000089
Round 500: fc1 |Δw| mean = -0.000190
Round 100: fc1 Δw mean = -0.000440, avg chip delta/round = -16.52
Round 200: fc1 Δw mean = -0.000525, avg chip delta/round = -6.40
Round 300: fc1 Δw mean = -0.000686, avg chip delta/round = -2.61
Round 400: fc1 Δw mean = -0.000743, avg chip delta/round = -2.44
Round 500: fc1 Δw mean = -0.000769, avg chip delta/round = -2.33
Round 100: fc1 Δw mean = -0.002539, avg chip delta/round = 0.28
Round 200: fc1 Δw mean = -0.000258, avg chip delta/round = -19.01
Round 300: fc1 Δw mean = -0.001263, avg chip delta/round = -4.53
Round 400: fc1 Δw mean = 0.000057, avg chip delta/round = 2.37
Round 500: fc1 Δw mean = -0.000489, avg chip delta/round = -33.40
Round 600: fc1 Δw mean = 0.000447, avg chip delta/round = -12.70
Round 700: fc1 Δw mean = 0.000000, avg chip delta/round = 1.02
Round 800: fc1 Δw mean = 0.000000, avg chip delta/round = 1.23
Round 900: fc1 Δw mean = 0.000000, avg chip delta/round = 1.32
Round 1000: fc1 Δw mean = 0.000000, avg chip delta/round = 1.35
Round 100: fc1 Δw mean = -0.002751, avg chip delta/round = -14.02
Round 200: fc1 Δw mean = -0.001963, avg chip delta/round = -10.34
Round 300: fc1 Δw mean = -0.001363, avg chip delta/round = -8.82
Round 400: fc1 Δw mean = -0.000655, avg chip delta/round = -1.96
Round 500: fc1 Δw mean = -0.000523, avg chip delta/round = -14.40
Round 100: fc1 Δw mean = -0.001781, avg chip delta/round = -15.45
Round 200: fc1 Δw mean = -0.000771, avg chip delta/round = -25.99
Round 300: fc1 Δw mean = -0.000611, avg chip delta/round = -8.77
Round 400: fc1 Δw mean = -0.000920, avg chip delta/round = 4.20
Round 500: fc1 Δw mean = -0.000189, avg chip delta/round = -18.50
Round 100: fc1 Δw mean = 0.000751, avg chip delta/round = -73.61
Round 200: fc1 Δw mean = 0.000498, avg chip delta/round = -50.53
Round 300: fc1 Δw mean = 0.001065, avg chip delta/round = -38.05
Round 400: fc1 Δw mean = -0.000008, avg chip delta/round = -29.66
Round 500: fc1 Δw mean = 0.000545, avg chip delta/round = -10.20
Round 100: fc1 Δw mean = -0.000688, avg chip delta/round = -59.88
Round 200: fc1 Δw mean = -0.000343, avg chip delta/round = -49.01
Round 300: fc1 Δw mean = -0.000047, avg chip delta/round = -14.61
Round 400: fc1 Δw mean = -0.000478, avg chip delta/round = -47.33
Round 500: fc1 Δw mean = -0.000748, avg chip delta/round = -2.66
Round 600: fc1 Δw mean = -0.000149, avg chip delta/round = -16.06
Round 700: fc1 Δw mean = 0.000000, avg chip delta/round = 1.17
Round 800: fc1 Δw mean = 0.000000, avg chip delta/round = 1.08
Round 900: fc1 Δw mean = 0.000000, avg chip delta/round = 1.11
Round 1000: fc1 Δw mean = 0.000000, avg chip delta/round = 1.11
Round 1100: fc1 Δw mean = 0.000000, avg chip delta/round = 1.23
Round 1200: fc1 Δw mean = 0.000000, avg chip delta/round = 1.29
Round 1300: fc1 Δw mean = 0.000000, avg chip delta/round = 1.20
Round 1400: fc1 Δw mean = 0.000000, avg chip delta/round = 1.20
Round 1500: fc1 Δw mean = 0.000000, avg chip delta/round = 1.14
Round 1600: fc1 Δw mean = 0.000000, avg chip delta/round = 1.29
Round 1700: fc1 Δw mean = 0.000000, avg chip delta/round = 1.17
Round 1800: fc1 Δw mean = 0.000000, avg chip delta/round = 1.26
Round 1900: fc1 Δw mean = 0.000000, avg chip delta/round = 1.20
Round 2000: fc1 Δw mean = 0.000000, avg chip delta/round = 1.29
Round 2100: fc1 Δw mean = 0.000000, avg chip delta/round = 1.14
Round 2200: fc1 Δw mean = 0.000000, avg chip delta/round = 0.96
Round 2300: fc1 Δw mean = 0.000000, avg chip delta/round = 1.35
Round 2400: fc1 Δw mean = 0.000000, avg chip delta/round = 1.17
Round 2500: fc1 Δw mean = 0.000000, avg chip delta/round = 1.26
Round 2600: fc1 Δw mean = 0.000000, avg chip delta/round = 1.20
Round 2700: fc1 Δw mean = 0.000000, avg chip delta/round = 1.08
Round 2800: fc1 Δw mean = 0.000000, avg chip delta/round = 1.26
Round 2900: fc1 Δw mean = 0.000000, avg chip delta/round = 1.23
Round 3000: fc1 Δw mean = 0.000000, avg chip delta/round = 1.32
Round 3100: fc1 Δw mean = 0.000000, avg chip delta/round = 1.11
Round 3200: fc1 Δw mean = 0.000000, avg chip delta/round = 1.26
Round 3300: fc1 Δw mean = 0.000000, avg chip delta/round = 1.14
Round 3400: fc1 Δw mean = 0.000000, avg chip delta/round = 1.35
Round 3500: fc1 Δw mean = 0.000000, avg chip delta/round = 1.29
Round 3600: fc1 Δw mean = 0.000000, avg chip delta/round = 1.26
Round 3700: fc1 Δw mean = 0.000000, avg chip delta/round = 1.23
Round 3800: fc1 Δw mean = 0.000000, avg chip delta/round = 1.14
Round 3900: fc1 Δw mean = 0.000000, avg chip delta/round = 1.23
Round 4000: fc1 Δw mean = 0.000000, avg chip delta/round = 1.26
Round 100: fc1 Δw mean = 0.000645, avg chip delta/round = -41.94
Round 200: fc1 Δw mean = -0.000684, avg chip delta/round = -42.34
Round 300: fc1 Δw mean = 0.003279, avg chip delta/round = -37.53
Round 400: fc1 Δw mean = 0.000298, avg chip delta/round = -9.60
Round 500: fc1 Δw mean = -0.000419, avg chip delta/round = -16.11
Round 600: fc1 Δw mean = 0.000103, avg chip delta/round = -15.58
Round 700: fc1 Δw mean = -0.000254, avg chip delta/round = -14.03
Round 800: fc1 Δw mean = -0.000307, avg chip delta/round = -6.13
Round 900: fc1 Δw mean = -0.000272, avg chip delta/round = -13.87
Round 1000: fc1 Δw mean = -0.000285, avg chip delta/round = -8.61
Round 1100: fc1 Δw mean = 0.000757, avg chip delta/round = -14.20
Round 1200: fc1 Δw mean = -0.000103, avg chip delta/round = -11.61
Round 1300: fc1 Δw mean = -0.000061, avg chip delta/round = -2.50
Round 1400: fc1 Δw mean = -0.000091, avg chip delta/round = -13.81
Round 1500: fc1 Δw mean = 0.001109, avg chip delta/round = -10.52
Round 1600: fc1 Δw mean = -0.000002, avg chip delta/round = -15.53
Round 1700: fc1 Δw mean = 0.000006, avg chip delta/round = -11.39
Round 1800: fc1 Δw mean = -0.000007, avg chip delta/round = -16.99
Round 1900: fc1 Δw mean = -0.000005, avg chip delta/round = -4.29
Round 2000: fc1 Δw mean = -0.000004, avg chip delta/round = -13.89
Round 2100: fc1 Δw mean = -0.000007, avg chip delta/round = -12.38
Round 2200: fc1 Δw mean = -0.000007, avg chip delta/round = -10.70
Round 2300: fc1 Δw mean = -0.000010, avg chip delta/round = -16.14
Round 100: fc1 Δw mean = -0.003411, avg chip delta/round = -16.93
Round 200: fc1 Δw mean = -0.002573, avg chip delta/round = -18.54
Round 100: fc1 Δw mean = -0.001434, avg chip delta/round = -1.76
Round 200: fc1 Δw mean = -0.000318, avg chip delta/round = -17.00
Round 300: fc1 Δw mean = -0.000354, avg chip delta/round = -7.34
Round 400: fc1 Δw mean = -0.000480, avg chip delta/round = -55.26
Round 500: fc1 Δw mean = -0.000533, avg chip delta/round = -39.48
Round 100: fc1 Δw mean = -0.000557, avg chip delta/round = -63.13
Round 200: fc1 Δw mean = -0.000022, avg chip delta/round = -41.82
Round 300: fc1 Δw mean = 0.000355, avg chip delta/round = -22.43
Round 400: fc1 Δw mean = 0.000716, avg chip delta/round = -19.76
Round 500: fc1 Δw mean = 0.001672, avg chip delta/round = -18.06
Round 100: fc1 Δw mean = -0.001968, avg chip delta/round = -10.04
Round 200: fc1 Δw mean = 0.000601, avg chip delta/round = -9.55
Round 300: fc1 Δw mean = -0.000372, avg chip delta/round = -1.00
Round 400: fc1 Δw mean = 0.000747, avg chip delta/round = -4.51
Round 500: fc1 Δw mean = 0.000005, avg chip delta/round = -1.04
Round 100: fc1 Δw mean = 0.000552, avg chip delta/round = -0.29
Round 200: fc1 Δw mean = 0.000368, avg chip delta/round = -0.24
Round 300: fc1 Δw mean = -0.000270, avg chip delta/round = -0.41
Round 400: fc1 Δw mean = -0.000281, avg chip delta/round = -0.64
Round 500: fc1 Δw mean = -0.000211, avg chip delta/round = -1.38
Round 600: fc1 Δw mean = -0.000186, avg chip delta/round = -1.24
Round 700: fc1 Δw mean = -0.000095, avg chip delta/round = -0.77
Round 800: fc1 Δw mean = 0.000251, avg chip delta/round = -0.19
Round 900: fc1 Δw mean = 0.000108, avg chip delta/round = -0.62
Round 1000: fc1 Δw mean = 0.000012, avg chip delta/round = -1.18
Round 1100: fc1 Δw mean = -0.000430, avg chip delta/round = -0.94
Round 1200: fc1 Δw mean = -0.000442, avg chip delta/round = -1.18
Round 1300: fc1 Δw mean = -0.000250, avg chip delta/round = -0.94
Round 1400: fc1 Δw mean = -0.000598, avg chip delta/round = -1.19
Round 1500: fc1 Δw mean = -0.000485, avg chip delta/round = -0.92
Round 1600: fc1 Δw mean = -0.000546, avg chip delta/round = -0.94
Round 1700: fc1 Δw mean = -0.004670, avg chip delta/round = -2.53
Round 1800: fc1 Δw mean = -0.007115, avg chip delta/round = -35.71
Round 1900: fc1 Δw mean = -0.001521, avg chip delta/round = -21.26
Round 2000: fc1 Δw mean = 0.000097, avg chip delta/round = -26.25
Round 100: fc1 Δw mean = -0.000484, avg chip delta/round = -43.00
Round 200: fc1 Δw mean = 0.000206, avg chip delta/round = -28.94
Round 300: fc1 Δw mean = 0.000577, avg chip delta/round = -29.45
Round 400: fc1 Δw mean = 0.000995, avg chip delta/round = -28.62
Round 500: fc1 Δw mean = 0.001009, avg chip delta/round = -11.49
Round 600: fc1 Δw mean = -0.000968, avg chip delta/round = 7.04
Round 700: fc1 Δw mean = 0.000565, avg chip delta/round = -9.19
Round 800: fc1 Δw mean = 0.000101, avg chip delta/round = -3.11
Round 900: fc1 Δw mean = -0.000435, avg chip delta/round = -2.46
Round 1000: fc1 Δw mean = 0.000064, avg chip delta/round = 2.11
Round 1100: fc1 Δw mean = 0.000371, avg chip delta/round = -4.62
Round 1200: fc1 Δw mean = -0.000202, avg chip delta/round = -3.34
Round 1300: fc1 Δw mean = 0.000487, avg chip delta/round = -4.69
Round 1400: fc1 Δw mean = 0.000113, avg chip delta/round = -3.08
Round 1500: fc1 Δw mean = 0.000535, avg chip delta/round = -7.41
Round 1600: fc1 Δw mean = 0.000024, avg chip delta/round = -0.42
Round 1700: fc1 Δw mean = -0.000585, avg chip delta/round = 3.52
Round 1800: fc1 Δw mean = -0.000005, avg chip delta/round = -0.72
Round 1900: fc1 Δw mean = -0.000046, avg chip delta/round = -0.92
Round 2000: fc1 Δw mean = -0.000015, avg chip delta/round = -0.85
Round 100: fc1 Δw mean = -0.002634, avg chip delta/round = -1.15
Round 200: fc1 Δw mean = -0.000731, avg chip delta/round = -18.34
Round 300: fc1 Δw mean = -0.000180, avg chip delta/round = -0.78
Round 400: fc1 Δw mean = 0.000247, avg chip delta/round = -4.56
Round 500: fc1 Δw mean = -0.000064, avg chip delta/round = -1.07
Round 600: fc1 Δw mean = -0.000430, avg chip delta/round = 2.90
Round 700: fc1 Δw mean = 0.000027, avg chip delta/round = -6.38
Round 800: fc1 Δw mean = 0.000464, avg chip delta/round = -4.58
Round 900: fc1 Δw mean = -0.000002, avg chip delta/round = -1.00
Round 1000: fc1 Δw mean = -0.000012, avg chip delta/round = -0.73
Round 1100: fc1 Δw mean = 0.000039, avg chip delta/round = -0.11
Round 1200: fc1 Δw mean = 0.000057, avg chip delta/round = -0.94
Round 1300: fc1 Δw mean = 0.000215, avg chip delta/round = -0.60
Round 1400: fc1 Δw mean = 0.000116, avg chip delta/round = -0.79
Round 1500: fc1 Δw mean = 0.000137, avg chip delta/round = -0.46
Round 1600: fc1 Δw mean = -0.000032, avg chip delta/round = -0.51
Round 1700: fc1 Δw mean = -0.000149, avg chip delta/round = -0.57
Round 1800: fc1 Δw mean = -0.000016, avg chip delta/round = -0.79
Round 1900: fc1 Δw mean = 0.000004, avg chip delta/round = -0.70
Round 2000: fc1 Δw mean = -0.000148, avg chip delta/round = -0.84
Round 100: fc1 Δw mean = -0.001050, avg chip delta/round = -1.02
Round 200: fc1 Δw mean = -0.000817, avg chip delta/round = -2.18
Round 300: fc1 Δw mean = -0.000383, avg chip delta/round = -0.69
Round 400: fc1 Δw mean = 0.000030, avg chip delta/round = -1.33
Round 500: fc1 Δw mean = 0.000619, avg chip delta/round = -5.12
Round 100: fc1 Δw mean = 0.000517, avg chip delta/round = 15.87
Round 200: fc1 Δw mean = 0.000186, avg chip delta/round = 13.29
Round 300: fc1 Δw mean = 0.000277, avg chip delta/round = -1.09
Round 400: fc1 Δw mean = -0.000238, avg chip delta/round = 0.63
Round 500: fc1 Δw mean = 0.000071, avg chip delta/round = 20.98
Round 100: fc1 Δw mean = 0.000217, avg chip delta/round = 23.20
Round 200: fc1 Δw mean = 0.000216, avg chip delta/round = -34.40
Round 300: fc1 Δw mean = 0.000400, avg chip delta/round = 73.79
Round 400: fc1 Δw mean = 0.000323, avg chip delta/round = 10.86
Round 500: fc1 Δw mean = 0.000128, avg chip delta/round = 25.23
Round 600: fc1 Δw mean = 0.000202, avg chip delta/round = 11.81
Round 700: fc1 Δw mean = -0.000146, avg chip delta/round = 2.88
Round 800: fc1 Δw mean = 0.000271, avg chip delta/round = 19.58
Round 900: fc1 Δw mean = -0.000000, avg chip delta/round = 36.44
Round 1000: fc1 Δw mean = -0.000116, avg chip delta/round = 12.76
Round 100: fc1 Δw mean = 0.004030, avg chip delta/round = 52.40
Round 200: fc1 Δw mean = 0.005058, avg chip delta/round = -12.85
Round 300: fc1 Δw mean = 0.004851, avg chip delta/round = -28.59
Round 400: fc1 Δw mean = 0.004791, avg chip delta/round = 34.25
Round 500: fc1 Δw mean = 0.003959, avg chip delta/round = 9.74
Round 100: fc1 Δw mean = 0.004431, avg chip delta/round = -31.86
Round 200: fc1 Δw mean = 0.003955, avg chip delta/round = 18.18
Round 300: fc1 Δw mean = 0.003998, avg chip delta/round = 68.37
Round 400: fc1 Δw mean = 0.004244, avg chip delta/round = 25.06
Round 500: fc1 Δw mean = 0.004667, avg chip delta/round = -0.70
Round 600: fc1 Δw mean = 0.004500, avg chip delta/round = -23.29
Round 700: fc1 Δw mean = 0.003950, avg chip delta/round = 81.28
Round 800: fc1 Δw mean = 0.004224, avg chip delta/round = 16.59
Round 900: fc1 Δw mean = 0.003564, avg chip delta/round = -40.74
Round 1000: fc1 Δw mean = 0.003571, avg chip delta/round = 6.00
Round 1100: fc1 Δw mean = 0.004835, avg chip delta/round = 44.80
Round 1200: fc1 Δw mean = 0.004440, avg chip delta/round = -9.75
Round 1300: fc1 Δw mean = 0.004020, avg chip delta/round = -35.41
Round 1400: fc1 Δw mean = 0.003161, avg chip delta/round = -33.14
Round 1500: fc1 Δw mean = 0.003355, avg chip delta/round = -8.37
Round 1600: fc1 Δw mean = 0.002048, avg chip delta/round = 22.99
Round 1700: fc1 Δw mean = 0.002823, avg chip delta/round = -3.60
Round 1800: fc1 Δw mean = 0.002342, avg chip delta/round = -24.96
Round 1900: fc1 Δw mean = 0.002709, avg chip delta/round = 4.60
Round 2000: fc1 Δw mean = 0.002737, avg chip delta/round = -17.56
Round 2100: fc1 Δw mean = 0.004118, avg chip delta/round = -66.42
Round 2200: fc1 Δw mean = 0.003695, avg chip delta/round = -9.40
Round 2300: fc1 Δw mean = 0.003057, avg chip delta/round = -12.60
Round 2400: fc1 Δw mean = 0.002046, avg chip delta/round = 21.10
Round 2500: fc1 Δw mean = 0.002113, avg chip delta/round = 40.76
Round 2600: fc1 Δw mean = 0.001882, avg chip delta/round = -19.90
Round 2700: fc1 Δw mean = 0.002394, avg chip delta/round = -1.10
Round 2800: fc1 Δw mean = 0.002346, avg chip delta/round = 23.32
Round 2900: fc1 Δw mean = 0.001338, avg chip delta/round = 0.33
Round 3000: fc1 Δw mean = 0.002310, avg chip delta/round = 17.30
Round 3100: fc1 Δw mean = 0.002709, avg chip delta/round = 5.12
Round 3200: fc1 Δw mean = 0.002602, avg chip delta/round = -58.83
Round 3300: fc1 Δw mean = 0.003868, avg chip delta/round = -80.07
Round 3400: fc1 Δw mean = 0.003426, avg chip delta/round = 44.56
Round 3500: fc1 Δw mean = 0.003241, avg chip delta/round = -10.51
Round 3600: fc1 Δw mean = 0.002085, avg chip delta/round = 25.17
Round 3700: fc1 Δw mean = 0.002053, avg chip delta/round = 55.92
Round 3800: fc1 Δw mean = 0.003753, avg chip delta/round = 68.18
Round 3900: fc1 Δw mean = 0.002048, avg chip delta/round = -50.82
Round 4000: fc1 Δw mean = 0.001872, avg chip delta/round = 21.24
Round 4100: fc1 Δw mean = 0.002163, avg chip delta/round = -32.11
Round 4200: fc1 Δw mean = 0.002069, avg chip delta/round = 37.11
Round 4300: fc1 Δw mean = 0.001904, avg chip delta/round = 31.90
Round 4400: fc1 Δw mean = 0.003342, avg chip delta/round = -23.47
Round 4500: fc1 Δw mean = 0.002703, avg chip delta/round = 3.98
Round 4600: fc1 Δw mean = 0.002455, avg chip delta/round = -36.04
Round 4700: fc1 Δw mean = 0.003246, avg chip delta/round = 0.35
Round 4800: fc1 Δw mean = 0.004289, avg chip delta/round = -22.71
Round 4900: fc1 Δw mean = 0.003138, avg chip delta/round = 36.01
Round 5000: fc1 Δw mean = 0.002238, avg chip delta/round = -12.03
